2021-01-29 17:09:38,628 ERROR u.e.s.j.i.t.c.ControllerTask$SearchTasks [AWT-EventQueue-0] java.lang.IllegalArgumentExceptionoccured when listener for searching have been tried to be created 
java.lang.IllegalArgumentException: null
	at ua.edu.sumdu.j2se.ilchenkoYegor.tasks.controller.ControllerTask$SearchTasks.actionPerformed(ControllerTask.java:236) ~[classes/:?]
	at javax.swing.AbstractButton.fireActionPerformed(AbstractButton.java:1967) ~[?:?]
	at javax.swing.AbstractButton$Handler.actionPerformed(AbstractButton.java:2308) ~[?:?]
	at javax.swing.DefaultButtonModel.fireActionPerformed(DefaultButtonModel.java:405) ~[?:?]
	at javax.swing.DefaultButtonModel.setPressed(DefaultButtonModel.java:262) ~[?:?]
	at javax.swing.plaf.basic.BasicButtonListener.mouseReleased(BasicButtonListener.java:279) ~[?:?]
	at java.awt.Component.processMouseEvent(Component.java:6632) ~[?:?]
	at javax.swing.JComponent.processMouseEvent(JComponent.java:3342) ~[?:?]
	at java.awt.Component.processEvent(Component.java:6397) ~[?:?]
	at java.awt.Container.processEvent(Container.java:2263) ~[?:?]
	at java.awt.Component.dispatchEventImpl(Component.java:5008) ~[?:?]
	at java.awt.Container.dispatchEventImpl(Container.java:2321) ~[?:?]
	at java.awt.Component.dispatchEvent(Component.java:4840) ~[?:?]
	at java.awt.LightweightDispatcher.retargetMouseEvent(Container.java:4918) ~[?:?]
	at java.awt.LightweightDispatcher.processMouseEvent(Container.java:4547) ~[?:?]
	at java.awt.LightweightDispatcher.dispatchEvent(Container.java:4488) ~[?:?]
	at java.awt.Container.dispatchEventImpl(Container.java:2307) ~[?:?]
	at java.awt.Window.dispatchEventImpl(Window.java:2762) ~[?:?]
	at java.awt.Component.dispatchEvent(Component.java:4840) ~[?:?]
	at java.awt.EventQueue.dispatchEventImpl(EventQueue.java:772) ~[?:?]
	at java.awt.EventQueue$4.run(EventQueue.java:721) ~[?:?]
	at java.awt.EventQueue$4.run(EventQueue.java:715) ~[?:?]
	at java.security.AccessController.doPrivileged(AccessController.java:389) [?:?]
	at java.security.ProtectionDomain$JavaSecurityAccessImpl.doIntersectionPrivilege(ProtectionDomain.java:85) ~[?:?]
	at java.security.ProtectionDomain$JavaSecurityAccessImpl.doIntersectionPrivilege(ProtectionDomain.java:95) ~[?:?]
	at java.awt.EventQueue$5.run(EventQueue.java:745) ~[?:?]
	at java.awt.EventQueue$5.run(EventQueue.java:743) ~[?:?]
	at java.security.AccessController.doPrivileged(AccessController.java:389) [?:?]
	at java.security.ProtectionDomain$JavaSecurityAccessImpl.doIntersectionPrivilege(ProtectionDomain.java:85) [?:?]
	at java.awt.EventQueue.dispatchEvent(EventQueue.java:742) [?:?]
	at java.awt.EventDispatchThread.pumpOneEventForFilters(EventDispatchThread.java:203) [?:?]
	at java.awt.EventDispatchThread.pumpEventsForFilter(EventDispatchThread.java:124) [?:?]
	at java.awt.EventDispatchThread.pumpEventsForHierarchy(EventDispatchThread.java:113) [?:?]
	at java.awt.EventDispatchThread.pumpEvents(EventDispatchThread.java:109) [?:?]
	at java.awt.EventDispatchThread.pumpEvents(EventDispatchThread.java:101) [?:?]
	at java.awt.EventDispatchThread.run(EventDispatchThread.java:90) [?:?]
2021-01-29 17:30:39,852 ERROR u.e.s.j.i.t.c.ControllerTask [main] start of working ControllerTask Constructor
2021-01-29 17:30:39,929 ERROR u.e.s.j.i.t.c.ControllerTask [main] end of working ControllerTask Constructor
2021-01-29 17:30:43,820 ERROR u.e.s.j.i.t.c.ControllerTask$SearchTasks [AWT-EventQueue-0] java.lang.IllegalArgumentExceptionoccured when listener for searching have been tried to be created 
java.lang.IllegalArgumentException: null
	at ua.edu.sumdu.j2se.ilchenkoYegor.tasks.controller.ControllerTask$SearchTasks.actionPerformed(ControllerTask.java:236) ~[classes/:?]
	at javax.swing.AbstractButton.fireActionPerformed(AbstractButton.java:1967) ~[?:?]
	at javax.swing.AbstractButton$Handler.actionPerformed(AbstractButton.java:2308) ~[?:?]
	at javax.swing.DefaultButtonModel.fireActionPerformed(DefaultButtonModel.java:405) ~[?:?]
	at javax.swing.DefaultButtonModel.setPressed(DefaultButtonModel.java:262) ~[?:?]
	at javax.swing.plaf.basic.BasicButtonListener.mouseReleased(BasicButtonListener.java:279) ~[?:?]
	at java.awt.Component.processMouseEvent(Component.java:6632) ~[?:?]
	at javax.swing.JComponent.processMouseEvent(JComponent.java:3342) ~[?:?]
	at java.awt.Component.processEvent(Component.java:6397) ~[?:?]
	at java.awt.Container.processEvent(Container.java:2263) ~[?:?]
	at java.awt.Component.dispatchEventImpl(Component.java:5008) ~[?:?]
	at java.awt.Container.dispatchEventImpl(Container.java:2321) ~[?:?]
	at java.awt.Component.dispatchEvent(Component.java:4840) ~[?:?]
	at java.awt.LightweightDispatcher.retargetMouseEvent(Container.java:4918) ~[?:?]
	at java.awt.LightweightDispatcher.processMouseEvent(Container.java:4547) ~[?:?]
	at java.awt.LightweightDispatcher.dispatchEvent(Container.java:4488) ~[?:?]
	at java.awt.Container.dispatchEventImpl(Container.java:2307) ~[?:?]
	at java.awt.Window.dispatchEventImpl(Window.java:2762) ~[?:?]
	at java.awt.Component.dispatchEvent(Component.java:4840) ~[?:?]
	at java.awt.EventQueue.dispatchEventImpl(EventQueue.java:772) ~[?:?]
	at java.awt.EventQueue$4.run(EventQueue.java:721) ~[?:?]
	at java.awt.EventQueue$4.run(EventQueue.java:715) ~[?:?]
	at java.security.AccessController.doPrivileged(AccessController.java:389) [?:?]
	at java.security.ProtectionDomain$JavaSecurityAccessImpl.doIntersectionPrivilege(ProtectionDomain.java:85) ~[?:?]
	at java.security.ProtectionDomain$JavaSecurityAccessImpl.doIntersectionPrivilege(ProtectionDomain.java:95) ~[?:?]
	at java.awt.EventQueue$5.run(EventQueue.java:745) ~[?:?]
	at java.awt.EventQueue$5.run(EventQueue.java:743) ~[?:?]
	at java.security.AccessController.doPrivileged(AccessController.java:389) [?:?]
	at java.security.ProtectionDomain$JavaSecurityAccessImpl.doIntersectionPrivilege(ProtectionDomain.java:85) [?:?]
	at java.awt.EventQueue.dispatchEvent(EventQueue.java:742) [?:?]
	at java.awt.EventDispatchThread.pumpOneEventForFilters(EventDispatchThread.java:203) [?:?]
	at java.awt.EventDispatchThread.pumpEventsForFilter(EventDispatchThread.java:124) [?:?]
	at java.awt.EventDispatchThread.pumpEventsForHierarchy(EventDispatchThread.java:113) [?:?]
	at java.awt.EventDispatchThread.pumpEvents(EventDispatchThread.java:109) [?:?]
	at java.awt.EventDispatchThread.pumpEvents(EventDispatchThread.java:101) [?:?]
	at java.awt.EventDispatchThread.run(EventDispatchThread.java:90) [?:?]
2021-01-29 17:33:02,045 ERROR u.e.s.j.i.t.c.ControllerTask [main] start of working ControllerTask Constructor
2021-01-29 17:33:02,158 ERROR u.e.s.j.i.t.c.ControllerTask [main] end of working ControllerTask Constructor
2021-01-29 17:33:04,827 ERROR u.e.s.j.i.t.c.ControllerTask$SearchTasks [AWT-EventQueue-0] java.lang.IllegalArgumentException was occured when listener for searching have been tried to be created 
java.lang.IllegalArgumentException: null
	at ua.edu.sumdu.j2se.ilchenkoYegor.tasks.controller.ControllerTask$SearchTasks.actionPerformed(ControllerTask.java:236) ~[classes/:?]
	at javax.swing.AbstractButton.fireActionPerformed(AbstractButton.java:1967) ~[?:?]
	at javax.swing.AbstractButton$Handler.actionPerformed(AbstractButton.java:2308) ~[?:?]
	at javax.swing.DefaultButtonModel.fireActionPerformed(DefaultButtonModel.java:405) ~[?:?]
	at javax.swing.DefaultButtonModel.setPressed(DefaultButtonModel.java:262) ~[?:?]
	at javax.swing.plaf.basic.BasicButtonListener.mouseReleased(BasicButtonListener.java:279) ~[?:?]
	at java.awt.Component.processMouseEvent(Component.java:6632) ~[?:?]
	at javax.swing.JComponent.processMouseEvent(JComponent.java:3342) ~[?:?]
	at java.awt.Component.processEvent(Component.java:6397) ~[?:?]
	at java.awt.Container.processEvent(Container.java:2263) ~[?:?]
	at java.awt.Component.dispatchEventImpl(Component.java:5008) ~[?:?]
	at java.awt.Container.dispatchEventImpl(Container.java:2321) ~[?:?]
	at java.awt.Component.dispatchEvent(Component.java:4840) ~[?:?]
	at java.awt.LightweightDispatcher.retargetMouseEvent(Container.java:4918) ~[?:?]
	at java.awt.LightweightDispatcher.processMouseEvent(Container.java:4547) ~[?:?]
	at java.awt.LightweightDispatcher.dispatchEvent(Container.java:4488) ~[?:?]
	at java.awt.Container.dispatchEventImpl(Container.java:2307) ~[?:?]
	at java.awt.Window.dispatchEventImpl(Window.java:2762) ~[?:?]
	at java.awt.Component.dispatchEvent(Component.java:4840) ~[?:?]
	at java.awt.EventQueue.dispatchEventImpl(EventQueue.java:772) ~[?:?]
	at java.awt.EventQueue$4.run(EventQueue.java:721) ~[?:?]
	at java.awt.EventQueue$4.run(EventQueue.java:715) ~[?:?]
	at java.security.AccessController.doPrivileged(AccessController.java:389) [?:?]
	at java.security.ProtectionDomain$JavaSecurityAccessImpl.doIntersectionPrivilege(ProtectionDomain.java:85) ~[?:?]
	at java.security.ProtectionDomain$JavaSecurityAccessImpl.doIntersectionPrivilege(ProtectionDomain.java:95) ~[?:?]
	at java.awt.EventQueue$5.run(EventQueue.java:745) ~[?:?]
	at java.awt.EventQueue$5.run(EventQueue.java:743) ~[?:?]
	at java.security.AccessController.doPrivileged(AccessController.java:389) [?:?]
	at java.security.ProtectionDomain$JavaSecurityAccessImpl.doIntersectionPrivilege(ProtectionDomain.java:85) [?:?]
	at java.awt.EventQueue.dispatchEvent(EventQueue.java:742) [?:?]
	at java.awt.EventDispatchThread.pumpOneEventForFilters(EventDispatchThread.java:203) [?:?]
	at java.awt.EventDispatchThread.pumpEventsForFilter(EventDispatchThread.java:124) [?:?]
	at java.awt.EventDispatchThread.pumpEventsForHierarchy(EventDispatchThread.java:113) [?:?]
	at java.awt.EventDispatchThread.pumpEvents(EventDispatchThread.java:109) [?:?]
	at java.awt.EventDispatchThread.pumpEvents(EventDispatchThread.java:101) [?:?]
	at java.awt.EventDispatchThread.run(EventDispatchThread.java:90) [?:?]
2021-01-29 17:33:36,542 ERROR u.e.s.j.i.t.v.AddTask$1 [AWT-EventQueue-0] while adding task in calendar occured
java.time.format.DateTimeParseException: Text '312' could not be parsed at index 0
	at java.time.format.DateTimeFormatter.parseResolved0(DateTimeFormatter.java:2049) ~[?:?]
	at java.time.format.DateTimeFormatter.parse(DateTimeFormatter.java:1951) ~[?:?]
	at java.time.LocalDateTime.parse(LocalDateTime.java:492) ~[?:?]
	at java.time.LocalDateTime.parse(LocalDateTime.java:477) ~[?:?]
	at ua.edu.sumdu.j2se.ilchenkoYegor.tasks.view.AddTask.onOK(AddTask.java:102) ~[classes/:?]
	at ua.edu.sumdu.j2se.ilchenkoYegor.tasks.view.AddTask.access$000(AddTask.java:16) ~[classes/:?]
	at ua.edu.sumdu.j2se.ilchenkoYegor.tasks.view.AddTask$1.actionPerformed(AddTask.java:53) ~[classes/:?]
	at javax.swing.AbstractButton.fireActionPerformed(AbstractButton.java:1967) ~[?:?]
	at javax.swing.AbstractButton$Handler.actionPerformed(AbstractButton.java:2308) ~[?:?]
	at javax.swing.DefaultButtonModel.fireActionPerformed(DefaultButtonModel.java:405) ~[?:?]
	at javax.swing.DefaultButtonModel.setPressed(DefaultButtonModel.java:262) ~[?:?]
	at javax.swing.plaf.basic.BasicButtonListener.mouseReleased(BasicButtonListener.java:279) ~[?:?]
	at java.awt.Component.processMouseEvent(Component.java:6632) ~[?:?]
	at javax.swing.JComponent.processMouseEvent(JComponent.java:3342) ~[?:?]
	at java.awt.Component.processEvent(Component.java:6397) ~[?:?]
	at java.awt.Container.processEvent(Container.java:2263) ~[?:?]
	at java.awt.Component.dispatchEventImpl(Component.java:5008) ~[?:?]
	at java.awt.Container.dispatchEventImpl(Container.java:2321) ~[?:?]
	at java.awt.Component.dispatchEvent(Component.java:4840) ~[?:?]
	at java.awt.LightweightDispatcher.retargetMouseEvent(Container.java:4918) ~[?:?]
	at java.awt.LightweightDispatcher.processMouseEvent(Container.java:4547) ~[?:?]
	at java.awt.LightweightDispatcher.dispatchEvent(Container.java:4488) ~[?:?]
	at java.awt.Container.dispatchEventImpl(Container.java:2307) ~[?:?]
	at java.awt.Window.dispatchEventImpl(Window.java:2762) ~[?:?]
	at java.awt.Component.dispatchEvent(Component.java:4840) ~[?:?]
	at java.awt.EventQueue.dispatchEventImpl(EventQueue.java:772) ~[?:?]
	at java.awt.EventQueue$4.run(EventQueue.java:721) ~[?:?]
	at java.awt.EventQueue$4.run(EventQueue.java:715) ~[?:?]
	at java.security.AccessController.doPrivileged(AccessController.java:389) [?:?]
	at java.security.ProtectionDomain$JavaSecurityAccessImpl.doIntersectionPrivilege(ProtectionDomain.java:85) [?:?]
	at java.security.ProtectionDomain$JavaSecurityAccessImpl.doIntersectionPrivilege(ProtectionDomain.java:95) [?:?]
	at java.awt.EventQueue$5.run(EventQueue.java:745) [?:?]
	at java.awt.EventQueue$5.run(EventQueue.java:743) [?:?]
	at java.security.AccessController.doPrivileged(AccessController.java:389) ~[?:?]
	at java.security.ProtectionDomain$JavaSecurityAccessImpl.doIntersectionPrivilege(ProtectionDomain.java:85) ~[?:?]
	at java.awt.EventQueue.dispatchEvent(EventQueue.java:742) ~[?:?]
	at java.awt.EventDispatchThread.pumpOneEventForFilters(EventDispatchThread.java:203) ~[?:?]
	at java.awt.EventDispatchThread.pumpEventsForFilter(EventDispatchThread.java:124) ~[?:?]
	at java.awt.EventDispatchThread.pumpEventsForFilter(EventDispatchThread.java:117) ~[?:?]
	at java.awt.WaitDispatchSupport$2.run(WaitDispatchSupport.java:190) ~[?:?]
	at java.awt.WaitDispatchSupport$4.run(WaitDispatchSupport.java:235) ~[?:?]
	at java.awt.WaitDispatchSupport$4.run(WaitDispatchSupport.java:233) ~[?:?]
	at java.security.AccessController.doPrivileged(AccessController.java:310) ~[?:?]
	at java.awt.WaitDispatchSupport.enter(WaitDispatchSupport.java:233) ~[?:?]
	at java.awt.Dialog.show(Dialog.java:1070) ~[?:?]
	at java.awt.Component.show(Component.java:1716) ~[?:?]
	at java.awt.Component.setVisible(Component.java:1663) ~[?:?]
	at java.awt.Window.setVisible(Window.java:1021) ~[?:?]
	at java.awt.Dialog.setVisible(Dialog.java:1005) ~[?:?]
	at ua.edu.sumdu.j2se.ilchenkoYegor.tasks.controller.ControllerTask$AddTaskCalendarListener.actionPerformed(ControllerTask.java:126) ~[classes/:?]
	at javax.swing.AbstractButton.fireActionPerformed(AbstractButton.java:1967) ~[?:?]
	at javax.swing.AbstractButton$Handler.actionPerformed(AbstractButton.java:2308) ~[?:?]
	at javax.swing.DefaultButtonModel.fireActionPerformed(DefaultButtonModel.java:405) ~[?:?]
	at javax.swing.DefaultButtonModel.setPressed(DefaultButtonModel.java:262) ~[?:?]
	at javax.swing.plaf.basic.BasicButtonListener.mouseReleased(BasicButtonListener.java:279) ~[?:?]
	at java.awt.Component.processMouseEvent(Component.java:6632) ~[?:?]
	at javax.swing.JComponent.processMouseEvent(JComponent.java:3342) ~[?:?]
	at java.awt.Component.processEvent(Component.java:6397) ~[?:?]
	at java.awt.Container.processEvent(Container.java:2263) ~[?:?]
	at java.awt.Component.dispatchEventImpl(Component.java:5008) ~[?:?]
	at java.awt.Container.dispatchEventImpl(Container.java:2321) ~[?:?]
	at java.awt.Component.dispatchEvent(Component.java:4840) ~[?:?]
	at java.awt.LightweightDispatcher.retargetMouseEvent(Container.java:4918) ~[?:?]
	at java.awt.LightweightDispatcher.processMouseEvent(Container.java:4547) ~[?:?]
	at java.awt.LightweightDispatcher.dispatchEvent(Container.java:4488) ~[?:?]
	at java.awt.Container.dispatchEventImpl(Container.java:2307) ~[?:?]
	at java.awt.Window.dispatchEventImpl(Window.java:2762) ~[?:?]
	at java.awt.Component.dispatchEvent(Component.java:4840) ~[?:?]
	at java.awt.EventQueue.dispatchEventImpl(EventQueue.java:772) ~[?:?]
	at java.awt.EventQueue$4.run(EventQueue.java:721) ~[?:?]
	at java.awt.EventQueue$4.run(EventQueue.java:715) ~[?:?]
	at java.security.AccessController.doPrivileged(AccessController.java:389) [?:?]
	at java.security.ProtectionDomain$JavaSecurityAccessImpl.doIntersectionPrivilege(ProtectionDomain.java:85) ~[?:?]
	at java.security.ProtectionDomain$JavaSecurityAccessImpl.doIntersectionPrivilege(ProtectionDomain.java:95) ~[?:?]
	at java.awt.EventQueue$5.run(EventQueue.java:745) ~[?:?]
	at java.awt.EventQueue$5.run(EventQueue.java:743) ~[?:?]
	at java.security.AccessController.doPrivileged(AccessController.java:389) [?:?]
	at java.security.ProtectionDomain$JavaSecurityAccessImpl.doIntersectionPrivilege(ProtectionDomain.java:85) [?:?]
	at java.awt.EventQueue.dispatchEvent(EventQueue.java:742) [?:?]
	at java.awt.EventDispatchThread.pumpOneEventForFilters(EventDispatchThread.java:203) [?:?]
	at java.awt.EventDispatchThread.pumpEventsForFilter(EventDispatchThread.java:124) [?:?]
	at java.awt.EventDispatchThread.pumpEventsForHierarchy(EventDispatchThread.java:113) [?:?]
	at java.awt.EventDispatchThread.pumpEvents(EventDispatchThread.java:109) [?:?]
	at java.awt.EventDispatchThread.pumpEvents(EventDispatchThread.java:101) [?:?]
	at java.awt.EventDispatchThread.run(EventDispatchThread.java:90) [?:?]
2021-01-29 17:34:03,307 ERROR u.e.s.j.i.t.c.ControllerTask [main] start of working ControllerTask Constructor
2021-01-29 17:34:03,390 ERROR u.e.s.j.i.t.c.ControllerTask [main] end of working ControllerTask Constructor
2021-01-29 18:08:52,181 ERROR u.e.s.j.i.t.c.ControllerTask [main] start of working ControllerTask Constructor
2021-01-29 18:08:52,253 ERROR u.e.s.j.i.t.c.ControllerTask [main] end of working ControllerTask Constructor
2021-01-29 18:08:59,032 ERROR u.e.s.j.i.t.v.EditTaskDialog$1 [AWT-EventQueue-0] handled Error with time parse occured in editTimeDialog 
java.time.format.DateTimeParseException: Text '2001-12-12T12:12' could not be parsed at index 4
	at java.time.format.DateTimeFormatter.parseResolved0(DateTimeFormatter.java:2049) ~[?:?]
	at java.time.format.DateTimeFormatter.parse(DateTimeFormatter.java:1951) ~[?:?]
	at java.time.LocalDateTime.parse(LocalDateTime.java:492) ~[?:?]
	at ua.edu.sumdu.j2se.ilchenkoYegor.tasks.view.EditTaskDialog.onOK(EditTaskDialog.java:121) ~[classes/:?]
	at ua.edu.sumdu.j2se.ilchenkoYegor.tasks.view.EditTaskDialog.access$000(EditTaskDialog.java:16) ~[classes/:?]
	at ua.edu.sumdu.j2se.ilchenkoYegor.tasks.view.EditTaskDialog$1.actionPerformed(EditTaskDialog.java:55) ~[classes/:?]
	at javax.swing.AbstractButton.fireActionPerformed(AbstractButton.java:1967) ~[?:?]
	at javax.swing.AbstractButton$Handler.actionPerformed(AbstractButton.java:2308) ~[?:?]
	at javax.swing.DefaultButtonModel.fireActionPerformed(DefaultButtonModel.java:405) ~[?:?]
	at javax.swing.DefaultButtonModel.setPressed(DefaultButtonModel.java:262) ~[?:?]
	at javax.swing.plaf.basic.BasicButtonListener.mouseReleased(BasicButtonListener.java:279) ~[?:?]
	at java.awt.Component.processMouseEvent(Component.java:6632) ~[?:?]
	at javax.swing.JComponent.processMouseEvent(JComponent.java:3342) ~[?:?]
	at java.awt.Component.processEvent(Component.java:6397) ~[?:?]
	at java.awt.Container.processEvent(Container.java:2263) ~[?:?]
	at java.awt.Component.dispatchEventImpl(Component.java:5008) ~[?:?]
	at java.awt.Container.dispatchEventImpl(Container.java:2321) ~[?:?]
	at java.awt.Component.dispatchEvent(Component.java:4840) ~[?:?]
	at java.awt.LightweightDispatcher.retargetMouseEvent(Container.java:4918) ~[?:?]
	at java.awt.LightweightDispatcher.processMouseEvent(Container.java:4547) ~[?:?]
	at java.awt.LightweightDispatcher.dispatchEvent(Container.java:4488) ~[?:?]
	at java.awt.Container.dispatchEventImpl(Container.java:2307) ~[?:?]
	at java.awt.Window.dispatchEventImpl(Window.java:2762) ~[?:?]
	at java.awt.Component.dispatchEvent(Component.java:4840) ~[?:?]
	at java.awt.EventQueue.dispatchEventImpl(EventQueue.java:772) ~[?:?]
	at java.awt.EventQueue$4.run(EventQueue.java:721) ~[?:?]
	at java.awt.EventQueue$4.run(EventQueue.java:715) ~[?:?]
	at java.security.AccessController.doPrivileged(AccessController.java:389) [?:?]
	at java.security.ProtectionDomain$JavaSecurityAccessImpl.doIntersectionPrivilege(ProtectionDomain.java:85) [?:?]
	at java.security.ProtectionDomain$JavaSecurityAccessImpl.doIntersectionPrivilege(ProtectionDomain.java:95) [?:?]
	at java.awt.EventQueue$5.run(EventQueue.java:745) [?:?]
	at java.awt.EventQueue$5.run(EventQueue.java:743) [?:?]
	at java.security.AccessController.doPrivileged(AccessController.java:389) ~[?:?]
	at java.security.ProtectionDomain$JavaSecurityAccessImpl.doIntersectionPrivilege(ProtectionDomain.java:85) ~[?:?]
	at java.awt.EventQueue.dispatchEvent(EventQueue.java:742) ~[?:?]
	at java.awt.EventDispatchThread.pumpOneEventForFilters(EventDispatchThread.java:203) ~[?:?]
	at java.awt.EventDispatchThread.pumpEventsForFilter(EventDispatchThread.java:124) ~[?:?]
	at java.awt.EventDispatchThread.pumpEventsForFilter(EventDispatchThread.java:117) ~[?:?]
	at java.awt.WaitDispatchSupport$2.run(WaitDispatchSupport.java:190) ~[?:?]
	at java.awt.WaitDispatchSupport$4.run(WaitDispatchSupport.java:235) ~[?:?]
	at java.awt.WaitDispatchSupport$4.run(WaitDispatchSupport.java:233) ~[?:?]
	at java.security.AccessController.doPrivileged(AccessController.java:310) ~[?:?]
	at java.awt.WaitDispatchSupport.enter(WaitDispatchSupport.java:233) ~[?:?]
	at java.awt.Dialog.show(Dialog.java:1070) ~[?:?]
	at java.awt.Component.show(Component.java:1716) ~[?:?]
	at java.awt.Component.setVisible(Component.java:1663) ~[?:?]
	at java.awt.Window.setVisible(Window.java:1021) ~[?:?]
	at java.awt.Dialog.setVisible(Dialog.java:1005) ~[?:?]
	at ua.edu.sumdu.j2se.ilchenkoYegor.tasks.controller.ControllerTask$EditTasksFCListener.actionPerformed(ControllerTask.java:162) ~[classes/:?]
	at javax.swing.AbstractButton.fireActionPerformed(AbstractButton.java:1967) ~[?:?]
	at javax.swing.AbstractButton$Handler.actionPerformed(AbstractButton.java:2308) ~[?:?]
	at javax.swing.DefaultButtonModel.fireActionPerformed(DefaultButtonModel.java:405) ~[?:?]
	at javax.swing.DefaultButtonModel.setPressed(DefaultButtonModel.java:262) ~[?:?]
	at javax.swing.plaf.basic.BasicButtonListener.mouseReleased(BasicButtonListener.java:279) ~[?:?]
	at java.awt.Component.processMouseEvent(Component.java:6632) ~[?:?]
	at javax.swing.JComponent.processMouseEvent(JComponent.java:3342) ~[?:?]
	at java.awt.Component.processEvent(Component.java:6397) ~[?:?]
	at java.awt.Container.processEvent(Container.java:2263) ~[?:?]
	at java.awt.Component.dispatchEventImpl(Component.java:5008) ~[?:?]
	at java.awt.Container.dispatchEventImpl(Container.java:2321) ~[?:?]
	at java.awt.Component.dispatchEvent(Component.java:4840) ~[?:?]
	at java.awt.LightweightDispatcher.retargetMouseEvent(Container.java:4918) ~[?:?]
	at java.awt.LightweightDispatcher.processMouseEvent(Container.java:4547) ~[?:?]
	at java.awt.LightweightDispatcher.dispatchEvent(Container.java:4488) ~[?:?]
	at java.awt.Container.dispatchEventImpl(Container.java:2307) ~[?:?]
	at java.awt.Window.dispatchEventImpl(Window.java:2762) ~[?:?]
	at java.awt.Component.dispatchEvent(Component.java:4840) ~[?:?]
	at java.awt.EventQueue.dispatchEventImpl(EventQueue.java:772) ~[?:?]
	at java.awt.EventQueue$4.run(EventQueue.java:721) ~[?:?]
	at java.awt.EventQueue$4.run(EventQueue.java:715) ~[?:?]
	at java.security.AccessController.doPrivileged(AccessController.java:389) [?:?]
	at java.security.ProtectionDomain$JavaSecurityAccessImpl.doIntersectionPrivilege(ProtectionDomain.java:85) ~[?:?]
	at java.security.ProtectionDomain$JavaSecurityAccessImpl.doIntersectionPrivilege(ProtectionDomain.java:95) ~[?:?]
	at java.awt.EventQueue$5.run(EventQueue.java:745) ~[?:?]
	at java.awt.EventQueue$5.run(EventQueue.java:743) ~[?:?]
	at java.security.AccessController.doPrivileged(AccessController.java:389) [?:?]
	at java.security.ProtectionDomain$JavaSecurityAccessImpl.doIntersectionPrivilege(ProtectionDomain.java:85) [?:?]
	at java.awt.EventQueue.dispatchEvent(EventQueue.java:742) [?:?]
	at java.awt.EventDispatchThread.pumpOneEventForFilters(EventDispatchThread.java:203) [?:?]
	at java.awt.EventDispatchThread.pumpEventsForFilter(EventDispatchThread.java:124) [?:?]
	at java.awt.EventDispatchThread.pumpEventsForHierarchy(EventDispatchThread.java:113) [?:?]
	at java.awt.EventDispatchThread.pumpEvents(EventDispatchThread.java:109) [?:?]
	at java.awt.EventDispatchThread.pumpEvents(EventDispatchThread.java:101) [?:?]
	at java.awt.EventDispatchThread.run(EventDispatchThread.java:90) [?:?]
2021-01-29 18:10:46,344 ERROR u.e.s.j.i.t.c.ControllerTask [main] start of working ControllerTask Constructor
2021-01-29 18:10:46,415 ERROR u.e.s.j.i.t.c.ControllerTask [main] end of working ControllerTask Constructor
